  1.cpp
d:\data kuliah\sem 4\sd\strukturdata\1.cpp(552): warning C4244: 'initializing': conversion from 'const float' to 'int', possible loss of data
d:\data kuliah\sem 4\sd\strukturdata\1.cpp(553): warning C4244: 'initializing': conversion from 'const float' to 'int', possible loss of data
d:\data kuliah\sem 4\sd\strukturdata\1.cpp(557): warning C4244: 'argument': conversion from 'int' to 'float', possible loss of data
d:\data kuliah\sem 4\sd\strukturdata\1.cpp(617): warning C4244: 'initializing': conversion from 'const float' to 'int', possible loss of data
d:\data kuliah\sem 4\sd\strukturdata\1.cpp(618): warning C4244: 'initializing': conversion from 'const float' to 'int', possible loss of data
d:\data kuliah\sem 4\sd\strukturdata\1.cpp(622): warning C4244: 'argument': conversion from 'int' to 'float', possible loss of data
d:\data kuliah\sem 4\sd\strukturdata\1.cpp(683): warning C4244: 'initializing': conversion from 'const float' to 'int', possible loss of data
d:\data kuliah\sem 4\sd\strukturdata\1.cpp(684): warning C4244: 'initializing': conversion from 'const float' to 'int', possible loss of data
d:\data kuliah\sem 4\sd\strukturdata\1.cpp(688): warning C4244: 'argument': conversion from 'int' to 'float', possible loss of data
d:\data kuliah\sem 4\sd\strukturdata\1.cpp(731): warning C4244: 'initializing': conversion from 'const float' to 'int', possible loss of data
d:\data kuliah\sem 4\sd\strukturdata\1.cpp(732): warning C4244: 'initializing': conversion from 'const float' to 'int', possible loss of data
d:\data kuliah\sem 4\sd\strukturdata\1.cpp(736): warning C4244: 'argument': conversion from 'int' to 'float', possible loss of data
d:\data kuliah\sem 4\sd\strukturdata\1.cpp(778): warning C4244: 'initializing': conversion from 'const float' to 'int', possible loss of data
d:\data kuliah\sem 4\sd\strukturdata\1.cpp(779): warning C4244: 'initializing': conversion from 'const float' to 'int', possible loss of data
d:\data kuliah\sem 4\sd\strukturdata\1.cpp(783): warning C4244: 'argument': conversion from 'int' to 'float', possible loss of data
d:\data kuliah\sem 4\sd\strukturdata\1.cpp(830): warning C4244: 'initializing': conversion from 'const float' to 'int', possible loss of data
d:\data kuliah\sem 4\sd\strukturdata\1.cpp(831): warning C4244: 'initializing': conversion from 'const float' to 'int', possible loss of data
d:\data kuliah\sem 4\sd\strukturdata\1.cpp(835): warning C4244: 'argument': conversion from 'int' to 'float', possible loss of data
d:\data kuliah\sem 4\sd\strukturdata\1.cpp(879): warning C4244: 'initializing': conversion from 'const float' to 'int', possible loss of data
d:\data kuliah\sem 4\sd\strukturdata\1.cpp(880): warning C4244: 'initializing': conversion from 'const float' to 'int', possible loss of data
d:\data kuliah\sem 4\sd\strukturdata\1.cpp(884): warning C4244: 'argument': conversion from 'int' to 'float', possible loss of data
d:\data kuliah\sem 4\sd\strukturdata\1.cpp(927): warning C4244: 'initializing': conversion from 'const float' to 'int', possible loss of data
d:\data kuliah\sem 4\sd\strukturdata\1.cpp(928): warning C4244: 'initializing': conversion from 'const float' to 'int', possible loss of data
d:\data kuliah\sem 4\sd\strukturdata\1.cpp(932): warning C4244: 'argument': conversion from 'int' to 'float', possible loss of data
d:\data kuliah\sem 4\sd\strukturdata\1.cpp(976): warning C4244: 'initializing': conversion from 'const float' to 'int', possible loss of data
d:\data kuliah\sem 4\sd\strukturdata\1.cpp(977): warning C4244: 'initializing': conversion from 'const float' to 'int', possible loss of data
d:\data kuliah\sem 4\sd\strukturdata\1.cpp(981): warning C4244: 'argument': conversion from 'int' to 'float', possible loss of data
d:\data kuliah\sem 4\sd\strukturdata\1.cpp(1024): warning C4244: 'initializing': conversion from 'const float' to 'int', possible loss of data
d:\data kuliah\sem 4\sd\strukturdata\1.cpp(1025): warning C4244: 'initializing': conversion from 'const float' to 'int', possible loss of data
d:\data kuliah\sem 4\sd\strukturdata\1.cpp(1029): warning C4244: 'argument': conversion from 'int' to 'float', possible loss of data
d:\data kuliah\sem 4\sd\strukturdata\1.cpp(1076): warning C4244: 'initializing': conversion from 'const float' to 'int', possible loss of data
d:\data kuliah\sem 4\sd\strukturdata\1.cpp(1077): warning C4244: 'initializing': conversion from 'const float' to 'int', possible loss of data
d:\data kuliah\sem 4\sd\strukturdata\1.cpp(1081): warning C4244: 'argument': conversion from 'int' to 'float', possible loss of data
d:\data kuliah\sem 4\sd\strukturdata\1.cpp(1124): warning C4244: 'initializing': conversion from 'const float' to 'int', possible loss of data
d:\data kuliah\sem 4\sd\strukturdata\1.cpp(1125): warning C4244: 'initializing': conversion from 'const float' to 'int', possible loss of data
d:\data kuliah\sem 4\sd\strukturdata\1.cpp(1129): warning C4244: 'argument': conversion from 'int' to 'float', possible loss of data
d:\data kuliah\sem 4\sd\strukturdata\1.cpp(1173): warning C4244: 'initializing': conversion from 'const float' to 'int', possible loss of data
d:\data kuliah\sem 4\sd\strukturdata\1.cpp(1174): warning C4244: 'initializing': conversion from 'const float' to 'int', possible loss of data
d:\data kuliah\sem 4\sd\strukturdata\1.cpp(1178): warning C4244: 'argument': conversion from 'int' to 'float', possible loss of data
d:\data kuliah\sem 4\sd\strukturdata\1.cpp(1221): warning C4244: 'initializing': conversion from 'const float' to 'int', possible loss of data
d:\data kuliah\sem 4\sd\strukturdata\1.cpp(1222): warning C4244: 'initializing': conversion from 'const float' to 'int', possible loss of data
d:\data kuliah\sem 4\sd\strukturdata\1.cpp(1226): warning C4244: 'argument': conversion from 'int' to 'float', possible loss of data
d:\data kuliah\sem 4\sd\strukturdata\1.cpp(1273): warning C4244: 'initializing': conversion from 'const float' to 'int', possible loss of data
d:\data kuliah\sem 4\sd\strukturdata\1.cpp(1274): warning C4244: 'initializing': conversion from 'const float' to 'int', possible loss of data
d:\data kuliah\sem 4\sd\strukturdata\1.cpp(1278): warning C4244: 'argument': conversion from 'int' to 'float', possible loss of data
d:\data kuliah\sem 4\sd\strukturdata\1.cpp(1321): warning C4244: 'initializing': conversion from 'const float' to 'int', possible loss of data
d:\data kuliah\sem 4\sd\strukturdata\1.cpp(1322): warning C4244: 'initializing': conversion from 'const float' to 'int', possible loss of data
d:\data kuliah\sem 4\sd\strukturdata\1.cpp(1326): warning C4244: 'argument': conversion from 'int' to 'float', possible loss of data
d:\data kuliah\sem 4\sd\strukturdata\1.cpp(1387): warning C4244: 'initializing': conversion from 'const float' to 'int', possible loss of data
d:\data kuliah\sem 4\sd\strukturdata\1.cpp(1388): warning C4244: 'initializing': conversion from 'const float' to 'int', possible loss of data
d:\data kuliah\sem 4\sd\strukturdata\1.cpp(1392): warning C4244: 'argument': conversion from 'int' to 'float', possible loss of data
d:\data kuliah\sem 4\sd\strukturdata\1.cpp(1435): warning C4244: 'initializing': conversion from 'const float' to 'int', possible loss of data
d:\data kuliah\sem 4\sd\strukturdata\1.cpp(1436): warning C4244: 'initializing': conversion from 'const float' to 'int', possible loss of data
d:\data kuliah\sem 4\sd\strukturdata\1.cpp(1440): warning C4244: 'argument': conversion from 'int' to 'float', possible loss of data
d:\data kuliah\sem 4\sd\strukturdata\1.cpp(1487): warning C4244: 'initializing': conversion from 'const float' to 'int', possible loss of data
d:\data kuliah\sem 4\sd\strukturdata\1.cpp(1488): warning C4244: 'initializing': conversion from 'const float' to 'int', possible loss of data
d:\data kuliah\sem 4\sd\strukturdata\1.cpp(1492): warning C4244: 'argument': conversion from 'int' to 'float', possible loss of data
d:\data kuliah\sem 4\sd\strukturdata\1.cpp(1535): warning C4244: 'initializing': conversion from 'const float' to 'int', possible loss of data
d:\data kuliah\sem 4\sd\strukturdata\1.cpp(1536): warning C4244: 'initializing': conversion from 'const float' to 'int', possible loss of data
d:\data kuliah\sem 4\sd\strukturdata\1.cpp(1540): warning C4244: 'argument': conversion from 'int' to 'float', possible loss of data
d:\data kuliah\sem 4\sd\strukturdata\1.cpp(1542): warning C4244: 'argument': conversion from 'int' to 'float', possible loss of data
d:\data kuliah\sem 4\sd\strukturdata\1.cpp(1586): warning C4244: 'initializing': conversion from 'const float' to 'int', possible loss of data
d:\data kuliah\sem 4\sd\strukturdata\1.cpp(1587): warning C4244: 'initializing': conversion from 'const float' to 'int', possible loss of data
d:\data kuliah\sem 4\sd\strukturdata\1.cpp(1591): warning C4244: 'argument': conversion from 'int' to 'float', possible loss of data
d:\data kuliah\sem 4\sd\strukturdata\1.cpp(1633): warning C4244: 'initializing': conversion from 'const float' to 'int', possible loss of data
d:\data kuliah\sem 4\sd\strukturdata\1.cpp(1634): warning C4244: 'initializing': conversion from 'const float' to 'int', possible loss of data
d:\data kuliah\sem 4\sd\strukturdata\1.cpp(1638): warning C4244: 'argument': conversion from 'int' to 'float', possible loss of data
d:\data kuliah\sem 4\sd\strukturdata\1.cpp(1685): warning C4244: 'initializing': conversion from 'const float' to 'int', possible loss of data
d:\data kuliah\sem 4\sd\strukturdata\1.cpp(1686): warning C4244: 'initializing': conversion from 'const float' to 'int', possible loss of data
d:\data kuliah\sem 4\sd\strukturdata\1.cpp(1690): warning C4244: 'argument': conversion from 'int' to 'float', possible loss of data
d:\data kuliah\sem 4\sd\strukturdata\1.cpp(1733): warning C4244: 'initializing': conversion from 'const float' to 'int', possible loss of data
d:\data kuliah\sem 4\sd\strukturdata\1.cpp(1734): warning C4244: 'initializing': conversion from 'const float' to 'int', possible loss of data
d:\data kuliah\sem 4\sd\strukturdata\1.cpp(1738): warning C4244: 'argument': conversion from 'int' to 'float', possible loss of data
d:\data kuliah\sem 4\sd\strukturdata\1.cpp(1782): warning C4244: 'initializing': conversion from 'const float' to 'int', possible loss of data
d:\data kuliah\sem 4\sd\strukturdata\1.cpp(1783): warning C4244: 'initializing': conversion from 'const float' to 'int', possible loss of data
d:\data kuliah\sem 4\sd\strukturdata\1.cpp(1787): warning C4244: 'argument': conversion from 'int' to 'float', possible loss of data
d:\data kuliah\sem 4\sd\strukturdata\1.cpp(1830): warning C4244: 'initializing': conversion from 'const float' to 'int', possible loss of data
d:\data kuliah\sem 4\sd\strukturdata\1.cpp(1831): warning C4244: 'initializing': conversion from 'const float' to 'int', possible loss of data
d:\data kuliah\sem 4\sd\strukturdata\1.cpp(1835): warning C4244: 'argument': conversion from 'int' to 'float', possible loss of data
d:\data kuliah\sem 4\sd\strukturdata\1.cpp(1882): warning C4244: 'initializing': conversion from 'const float' to 'int', possible loss of data
d:\data kuliah\sem 4\sd\strukturdata\1.cpp(1883): warning C4244: 'initializing': conversion from 'const float' to 'int', possible loss of data
d:\data kuliah\sem 4\sd\strukturdata\1.cpp(1887): warning C4244: 'argument': conversion from 'int' to 'float', possible loss of data
d:\data kuliah\sem 4\sd\strukturdata\1.cpp(1930): warning C4244: 'initializing': conversion from 'const float' to 'int', possible loss of data
d:\data kuliah\sem 4\sd\strukturdata\1.cpp(1931): warning C4244: 'initializing': conversion from 'const float' to 'int', possible loss of data
d:\data kuliah\sem 4\sd\strukturdata\1.cpp(1935): warning C4244: 'argument': conversion from 'int' to 'float', possible loss of data
d:\data kuliah\sem 4\sd\strukturdata\1.cpp(1979): warning C4244: 'initializing': conversion from 'const float' to 'int', possible loss of data
d:\data kuliah\sem 4\sd\strukturdata\1.cpp(1980): warning C4244: 'initializing': conversion from 'const float' to 'int', possible loss of data
d:\data kuliah\sem 4\sd\strukturdata\1.cpp(1984): warning C4244: 'argument': conversion from 'int' to 'float', possible loss of data
d:\data kuliah\sem 4\sd\strukturdata\1.cpp(2027): warning C4244: 'initializing': conversion from 'const float' to 'int', possible loss of data
d:\data kuliah\sem 4\sd\strukturdata\1.cpp(2028): warning C4244: 'initializing': conversion from 'const float' to 'int', possible loss of data
d:\data kuliah\sem 4\sd\strukturdata\1.cpp(2032): warning C4244: 'argument': conversion from 'int' to 'float', possible loss of data
d:\data kuliah\sem 4\sd\strukturdata\1.cpp(2079): warning C4244: 'initializing': conversion from 'const float' to 'int', possible loss of data
d:\data kuliah\sem 4\sd\strukturdata\1.cpp(2080): warning C4244: 'initializing': conversion from 'const float' to 'int', possible loss of data
d:\data kuliah\sem 4\sd\strukturdata\1.cpp(2084): warning C4244: 'argument': conversion from 'int' to 'float', possible loss of data
d:\data kuliah\sem 4\sd\strukturdata\1.cpp(2127): warning C4244: 'initializing': conversion from 'const float' to 'int', possible loss of data
d:\data kuliah\sem 4\sd\strukturdata\1.cpp(2128): warning C4244: 'initializing': conversion from 'const float' to 'int', possible loss of data
d:\data kuliah\sem 4\sd\strukturdata\1.cpp(2132): warning C4244: 'argument': conversion from 'int' to 'float', possible loss of data
d:\data kuliah\sem 4\sd\strukturdata\1.cpp(2176): warning C4244: 'initializing': conversion from 'const float' to 'int', possible loss of data
d:\data kuliah\sem 4\sd\strukturdata\1.cpp(2177): warning C4244: 'initializing': conversion from 'const float' to 'int', possible loss of data
d:\data kuliah\sem 4\sd\strukturdata\1.cpp(2181): warning C4244: 'argument': conversion from 'int' to 'float', possible loss of data
d:\data kuliah\sem 4\sd\strukturdata\1.cpp(2224): warning C4244: 'initializing': conversion from 'const float' to 'int', possible loss of data
d:\data kuliah\sem 4\sd\strukturdata\1.cpp(2225): warning C4244: 'initializing': conversion from 'const float' to 'int', possible loss of data
d:\data kuliah\sem 4\sd\strukturdata\1.cpp(2229): warning C4244: 'argument': conversion from 'int' to 'float', possible loss of data
d:\data kuliah\sem 4\sd\strukturdata\1.cpp(2289): warning C4244: 'argument': conversion from 'int' to 'float', possible loss of data
d:\data kuliah\sem 4\sd\strukturdata\1.cpp(2300): warning C4244: 'argument': conversion from 'int' to 'float', possible loss of data
d:\data kuliah\sem 4\sd\strukturdata\1.cpp(2309): warning C4244: 'argument': conversion from 'int' to 'float', possible loss of data
d:\data kuliah\sem 4\sd\strukturdata\1.cpp(2318): warning C4244: 'argument': conversion from 'int' to 'float', possible loss of data
d:\data kuliah\sem 4\sd\strukturdata\1.cpp(2327): warning C4244: 'argument': conversion from 'int' to 'float', possible loss of data
d:\data kuliah\sem 4\sd\strukturdata\1.cpp(2336): warning C4244: 'argument': conversion from 'int' to 'float', possible loss of data
d:\data kuliah\sem 4\sd\strukturdata\1.cpp(2345): warning C4244: 'argument': conversion from 'int' to 'float', possible loss of data
d:\data kuliah\sem 4\sd\strukturdata\1.cpp(2354): warning C4244: 'argument': conversion from 'int' to 'float', possible loss of data
d:\data kuliah\sem 4\sd\strukturdata\1.cpp(120): warning C4715: 'DoubleLinkedList::getCoor': not all control paths return a value
d:\data kuliah\sem 4\sd\strukturdata\1.cpp(144): warning C4715: 'DoubleLinkedList::getIdxY': not all control paths return a value
d:\data kuliah\sem 4\sd\strukturdata\1.cpp(132): warning C4715: 'DoubleLinkedList::getIdxX': not all control paths return a value
1.obj : warning LNK4075: ignoring '/EDITANDCONTINUE' due to '/INCREMENTAL:NO' specification
  strukturdata.vcxproj -> D:\DATA KULIAH\Sem 4\SD\strukturdata\Debug\strukturdata.exe
